<?xml version="1.0" encoding="UTF-8"?>
<!-- Generated by org.testng.reporters.JUnitXMLReporter -->
<testsuite ignored="0" hostname="Onkars-MacBook-Pro.local" failures="0" tests="3" name="BankMangerAddCustomerTests" time="7.076" errors="0" timestamp="2025-09-17T12:30:14 IST">
  <testcase classname="com.mw.testcases.AddCustomer" name="addCustomer" time="2.634"/>
  <testcase classname="com.mw.testcases.AddCustomer" name="addCustomer" time="2.212"/>
  <testcase classname="com.mw.testcases.AddCustomer" name="addCustomer" time="2.214"/>
</testsuite> <!-- BankMangerAddCustomerTests -->
